  main.cpp
C:\Users\user\Downloads\Sc\전공\Render\Lab\Project1\main.cpp(14,56): warning C4244: '=': 'double'에서 'T'(으)로 변환하면서 데이터가 손실될 수 있습니다.
          with
          [
              T=float
          ]
C:\Users\user\Downloads\Sc\전공\Render\Lab\Project1\main.cpp(200,52): warning C4244: '=': 'T'에서 'unsigned char'(으)로 변환하면서 데이터가 손실될 수 있습니다.
          with
          [
              T=float
          ]
C:\Users\user\Downloads\Sc\전공\Render\Lab\Project1\main.cpp(201,52): warning C4244: '=': 'T'에서 'unsigned char'(으)로 변환하면서 데이터가 손실될 수 있습니다.
          with
          [
              T=float
          ]
C:\Users\user\Downloads\Sc\전공\Render\Lab\Project1\main.cpp(202,52): warning C4244: '=': 'T'에서 'unsigned char'(으)로 변환하면서 데이터가 손실될 수 있습니다.
          with
          [
              T=float
          ]
  Project1.vcxproj -> C:\Users\user\Downloads\Sc\전공\Render\Lab\Project1\Debug\Project1.exe
